Timestamp : 2025/07/08 10:07:85;
            Level : INFO ; Message : Admin retrieved all products ;
 Stack :   
Timestamp : 2025/07/08 10:07:01;
            Level : INFO ; Message : Admin retrieved all products ;
 Stack :   
Timestamp : 2025/07/08 10:07:24;
            Level : INFO ; Message : Admin retrieved all products ;
 Stack :   
Timestamp : 2025/07/08 10:07:92;
            Level : INFO ; Message : Admin retrieved all products ;
 Stack :   
Timestamp : 2025/07/08 10:07:17;
            Level : INFO ; Message : Admin retrieved all products ;
 Stack :   
Timestamp : 2025/07/08 10:07:76;
            Level : INFO ; Message : Admin retrieved all products ;
 Stack :   
Timestamp : 2025/07/08 10:07:11;
            Level : INFO ; Message : Admin retrieved all products ;
 Stack :   
Timestamp : 2025/07/08 10:07:55;
            Level : INFO ; Message : Admin retrieved all products ;
 Stack :   
Timestamp : 2025/07/08 10:07:54;
            Level : INFO ; Message : Admin retrieved all products ;
 Stack :   
Timestamp : 2025/07/08 10:07:23;
            Level : INFO ; Message : Admin retrieved all products ;
 Stack :   
Timestamp : 2025/07/08 10:07:81;
            Level : INFO ; Message : Admin retrieved all products ;
 Stack :   
Timestamp : 2025/07/08 10:07:91;
            Level : INFO ; Message : Admin retrieved all products ;
 Stack :   
Timestamp : 2025/07/08 10:07:11;
            Level : INFO ; Message : Admin retrieved all products ;
 Stack :   
Timestamp : 2025/07/08 10:07:31;
            Level : INFO ; Message : Admin retrieved all products ;
 Stack :   
Timestamp : 2025/07/08 10:07:74;
            Level : INFO ; Message : Admin retrieved all products ;
 Stack :   
Timestamp : 2025/07/08 11:07:78;
            Level : INFO ; Message : Admin retrieved all products ;
 Stack :   
Timestamp : 2025/07/08 11:07:47;
            Level : INFO ; Message : Admin retrieved all products ;
 Stack :   
Timestamp : 2025/07/08 11:07:84;
            Level : INFO ; Message : Admin retrieved all products ;
 Stack :   
Timestamp : 2025/07/08 11:07:09;
            Level : INFO ; Message : Admin retrieved all products ;
 Stack :   
Timestamp : 2025/07/08 11:07:01;
            Level : INFO ; Message : Admin retrieved all products ;
 Stack :   
Timestamp : 2025/07/08 11:07:92;
            Level : INFO ; Message : Admin retrieved all products ;
 Stack :   
Timestamp : 2025/07/08 11:07:10;
            Level : INFO ; Message : Admin retrieved all products ;
 Stack :   
Timestamp : 2025/07/08 11:07:62;
            Level : INFO ; Message : Admin retrieved all products ;
 Stack :   
Timestamp : 2025/07/08 11:07:57;
            Level : INFO ; Message : Admin retrieved all products ;
 Stack :   
Timestamp : 2025/07/08 11:07:50;
            Level : INFO ; Message : Admin retrieved all products ;
 Stack :   
Timestamp : 2025/07/08 11:07:90;
            Level : INFO ; Message : Admin retrieved all products ;
 Stack :   
Timestamp : 2025/07/08 11:07:80;
            Level : INFO ; Message : Admin retrieved all products ;
 Stack :   
Timestamp : 2025/07/08 11:07:99;
            Level : INFO ; Message : Admin retrieved all products ;
 Stack :   
Timestamp : 2025/07/08 11:07:84;
            Level : INFO ; Message : Admin retrieved all products ;
 Stack :   
Timestamp : 2025/07/08 11:07:78;
            Level : INFO ; Message : Admin retrieved all products ;
 Stack :   
Timestamp : 2025/07/08 11:07:29;
            Level : INFO ; Message : Admin retrieved all products ;
 Stack :   
Timestamp : 2025/07/08 11:07:80;
            Level : INFO ; Message : Admin retrieved all products ;
 Stack :   
Timestamp : 2025/07/08 11:07:19;
            Level : INFO ; Message : Admin retrieved all products ;
 Stack :   
Timestamp : 2025/07/08 11:07:95;
            Level : INFO ; Message : Admin retrieved all products ;
 Stack :   
Timestamp : 2025/07/08 11:07:67;
            Level : INFO ; Message : Admin retrieved all products ;
 Stack :   
Timestamp : 2025/07/08 11:07:28;
            Level : INFO ; Message : Admin retrieved all products ;
 Stack :   
Timestamp : 2025/07/08 11:07:43;
            Level : INFO ; Message : Admin retrieved all products ;
 Stack :   
Timestamp : 2025/07/08 11:07:55;
            Level : INFO ; Message : Admin retrieved all products ;
 Stack :   
Timestamp : 2025/07/08 11:07:33;
            Level : INFO ; Message : Admin retrieved all products ;
 Stack :   
Timestamp : 2025/07/08 11:07:18;
            Level : INFO ; Message : Admin retrieved all products ;
 Stack :   
Timestamp : 2025/07/08 11:07:63;
            Level : INFO ; Message : Admin retrieved all products ;
 Stack :   
Timestamp : 2025/07/08 11:07:61;
            Level : INFO ; Message : Admin retrieved all products ;
 Stack :   
Timestamp : 2025/07/08 11:07:76;
            Level : INFO ; Message : Admin retrieved all products ;
 Stack :   
Timestamp : 2025/07/08 11:07:13;
            Level : INFO ; Message : Admin retrieved all products ;
 Stack :   
Timestamp : 2025/07/08 11:07:42;
            Level : INFO ; Message : Admin retrieved all products ;
 Stack :   
Timestamp : 2025/07/08 11:07:08;
            Level : INFO ; Message : Admin retrieved all products ;
 Stack :   
Timestamp : 2025/07/08 11:07:95;
            Level : INFO ; Message : Admin retrieved all products ;
 Stack :   
Timestamp : 2025/07/08 11:07:84;
            Level : INFO ; Message : Admin retrieved all products ;
 Stack :   
Timestamp : 2025/07/08 11:07:78;
            Level : INFO ; Message : Admin retrieved all products ;
 Stack :   
Timestamp : 2025/07/08 11:07:89;
            Level : INFO ; Message : Admin retrieved all products ;
 Stack :   
Timestamp : 2025/07/08 11:07:93;
            Level : INFO ; Message : Admin retrieved all products ;
 Stack :   
Timestamp : 2025/07/08 11:07:46;
            Level : INFO ; Message : Admin retrieved all products ;
 Stack :   
Timestamp : 2025/07/08 11:07:19;
            Level : INFO ; Message : Admin retrieved all products ;
 Stack :   
Timestamp : 2025/07/08 11:07:32;
            Level : INFO ; Message : Admin retrieved all products ;
 Stack :   
Timestamp : 2025/07/08 11:07:06;
            Level : INFO ; Message : Admin retrieved all products ;
 Stack :   
Timestamp : 2025/07/08 11:07:46;
            Level : INFO ; Message : Admin retrieved all products ;
 Stack :   
Timestamp : 2025/07/08 11:07:62;
            Level : INFO ; Message : Admin retrieved all products ;
 Stack :   
Timestamp : 2025/07/08 11:07:18;
            Level : INFO ; Message : Admin retrieved all products ;
 Stack :   
Timestamp : 2025/07/08 11:07:27;
            Level : INFO ; Message : Admin retrieved all products ;
 Stack :   
Timestamp : 2025/07/08 11:07:40;
            Level : INFO ; Message : Admin retrieved all products ;
 Stack :   
Timestamp : 2025/07/08 11:07:79;
            Level : INFO ; Message : Admin retrieved all products ;
 Stack :   
Timestamp : 2025/07/08 11:07:75;
            Level : INFO ; Message : Admin retrieved all products ;
 Stack :   
Timestamp : 2025/07/08 11:07:76;
            Level : INFO ; Message : Admin retrieved all products ;
 Stack :   
Timestamp : 2025/07/08 11:07:05;
            Level : INFO ; Message : Admin retrieved all products ;
 Stack :   
Timestamp : 2025/07/08 12:07:66;
            Level : INFO ; Message : Admin retrieved all products ;
 Stack :   
Timestamp : 2025/07/08 12:07:44;
            Level : ERROR ; Message : Admin failed to retrieve  product error :CastError: Cast to ObjectId failed for value "t-shirt-app" (type string) at path "_id" for model "Product" ; data :undefined ;
 Stack :   
Timestamp : 2025/07/08 12:07:90;
            Level : ERROR ; Message : Admin failed to retrieve  product error :CastError: Cast to ObjectId failed for value "t-shirt-app" (type string) at path "_id" for model "Product" ; data :undefined ;
 Stack :   
Timestamp : 2025/07/08 12:07:97;
            Level : ERROR ; Message : Admin failed to retrieve  product error :CastError: Cast to ObjectId failed for value "t-shirt-app" (type string) at path "_id" for model "Product" ; data :undefined ;
 Stack :   
Timestamp : 2025/07/08 12:07:65;
            Level : ERROR ; Message : Admin failed to retrieve  product error :CastError: Cast to ObjectId failed for value "t-shirt" (type string) at path "_id" for model "Product" ; data :[object Object] ;
 Stack :   
Timestamp : 2025/07/08 12:07:34;
            Level : ERROR ; Message : Admin failed to retrieve  product error :CastError: Cast to ObjectId failed for value "t-shirt-app" (type string) at path "_id" for model "Product" ; data :[object Object] ;
 Stack :   
Timestamp : 2025/07/08 12:07:30;
            Level : ERROR ; Message : Admin failed to retrieve  product error :CastError: Cast to ObjectId failed for value "t-shirt-app" (type string) at path "_id" for model "Product" ; data :[object Object] ;
 Stack :   
Timestamp : 2025/07/08 12:07:74;
            Level : ERROR ; Message : Admin failed to retrieve  product error :CastError: Cast to ObjectId failed for value "t-shirt-app" (type string) at path "_id" for model "Product" ; data :[object Object] ;
 Stack :   
Timestamp : 2025/07/08 12:07:73;
            Level : ERROR ; Message : Admin failed to retrieve  product error :CastError: Cast to ObjectId failed for value "t-shirt-app" (type string) at path "_id" for model "Product" ; data :[object Object] ;
 Stack :   
Timestamp : 2025/07/08 12:07:87;
            Level : ERROR ; Message : Admin failed to retrieve  product error :CastError: Cast to ObjectId failed for value "t-shirt-app" (type string) at path "_id" for model "Product" ; data :[object Object] ;
 Stack :   
Timestamp : 2025/07/08 12:07:63;
            Level : ERROR ; Message : Admin failed to retrieve  product error :CastError: Cast to ObjectId failed for value "t-shirt-app" (type string) at path "_id" for model "Product" ; data :[object Object] ;
 Stack :   
Timestamp : 2025/07/08 12:07:05;
            Level : ERROR ; Message : Admin failed to retrieve  product error :CastError: Cast to ObjectId failed for value "t-shirt-app" (type string) at path "_id" for model "Product" ; data :[object Object] ;
 Stack :   
Timestamp : 2025/07/08 12:07:22;
            Level : ERROR ; Message : Admin failed to retrieve  product error :CastError: Cast to ObjectId failed for value "t-shirt-app" (type string) at path "_id" for model "Product" ; data :undefined ;
 Stack :   
Timestamp : 2025/07/08 12:07:88;
            Level : ERROR ; Message : Admin failed to retrieve  product error :CastError: Cast to ObjectId failed for value "t-shirt-app" (type string) at path "_id" for model "Product" ; data :[object Object] ;
 Stack :   
Timestamp : 2025/07/08 12:07:10;
            Level : ERROR ; Message : Admin failed to retrieve  product error :CastError: Cast to ObjectId failed for value "t-shirt-app" (type string) at path "_id" for model "Product" ; data :[object Object] ;
 Stack :   
Timestamp : 2025/07/08 12:07:93;
            Level : ERROR ; Message : Admin failed to retrieve  product error :CastError: Cast to ObjectId failed for value "t-shirt-app" (type string) at path "_id" for model "Product" ; data :undefined ;
 Stack :   
Timestamp : 2025/07/08 12:07:19;
            Level : INFO ; Message : Admin retrieved all products ;
 Stack :   
Timestamp : 2025/07/08 13:07:41;
            Level : INFO ; Message : Admin retrieved all products ;
 Stack :   
Timestamp : 2025/07/08 13:07:35;
            Level : INFO ; Message : Admin retrieved all products ;
 Stack :   
Timestamp : 2025/07/08 13:07:64;
            Level : INFO ; Message : Admin retrieved all products ;
 Stack :   
Timestamp : 2025/07/08 13:07:19;
            Level : INFO ; Message : Admin retrieved all products ;
 Stack :   
Timestamp : 2025/07/08 13:07:95;
            Level : INFO ; Message : Admin retrieved all products ;
 Stack :   
Timestamp : 2025/07/08 13:07:07;
            Level : INFO ; Message : Admin retrieved all products ;
 Stack :   
Timestamp : 2025/07/08 13:07:85;
            Level : INFO ; Message : Admin retrieved all products ;
 Stack :   
Timestamp : 2025/07/08 13:07:81;
            Level : INFO ; Message : Admin retrieved all products ;
 Stack :   
Timestamp : 2025/07/08 13:07:12;
            Level : INFO ; Message : Admin retrieved all products ;
 Stack :   
Timestamp : 2025/07/08 13:07:81;
            Level : INFO ; Message : Admin retrieved all products ;
 Stack :   
Timestamp : 2025/07/08 13:07:16;
            Level : INFO ; Message : Admin retrieved all products ;
 Stack :   
Timestamp : 2025/07/08 13:07:64;
            Level : INFO ; Message : Admin retrieved all products ;
 Stack :   
Timestamp : 2025/07/08 13:07:76;
            Level : INFO ; Message : Admin retrieved all products ;
 Stack :   
Timestamp : 2025/07/08 13:07:05;
            Level : INFO ; Message : Admin retrieved all products ;
 Stack :   
Timestamp : 2025/07/08 14:07:02;
            Level : INFO ; Message : Admin retrieved all products ;
 Stack :   
Timestamp : 2025/07/08 14:07:56;
            Level : INFO ; Message : Admin retrieved all products ;
 Stack :   
Timestamp : 2025/07/08 14:07:95;
            Level : INFO ; Message : Admin retrieved all products ;
 Stack :   
Timestamp : 2025/07/08 14:07:67;
            Level : INFO ; Message : Admin retrieved all products ;
 Stack :   
Timestamp : 2025/07/08 14:07:77;
            Level : INFO ; Message : Admin retrieved all products ;
 Stack :   
Timestamp : 2025/07/08 14:07:27;
            Level : INFO ; Message : Admin retrieved all products ;
 Stack :   
Timestamp : 2025/07/08 14:07:64;
            Level : INFO ; Message : Admin retrieved all products ;
 Stack :   
Timestamp : 2025/07/08 14:07:74;
            Level : INFO ; Message : Admin retrieved all products ;
 Stack :   
Timestamp : 2025/07/08 14:07:86;
            Level : INFO ; Message : Admin retrieved all products ;
 Stack :   
Timestamp : 2025/07/08 14:07:51;
            Level : INFO ; Message : Admin retrieved all products ;
 Stack :   
Timestamp : 2025/07/08 14:07:45;
            Level : INFO ; Message : Admin retrieved all products ;
 Stack :   
Timestamp : 2025/07/08 14:07:68;
            Level : INFO ; Message : Admin retrieved all products ;
 Stack :   
Timestamp : 2025/07/08 14:07:02;
            Level : INFO ; Message : Admin retrieved all products ;
 Stack :   
Timestamp : 2025/07/08 14:07:21;
            Level : INFO ; Message : Admin retrieved all products ;
 Stack :   
Timestamp : 2025/07/08 14:07:96;
            Level : INFO ; Message : Admin retrieved all products ;
 Stack :   
Timestamp : 2025/07/08 14:07:68;
            Level : INFO ; Message : Admin retrieved all products ;
 Stack :   
Timestamp : 2025/07/08 14:07:80;
            Level : INFO ; Message : Admin retrieved all products ;
 Stack :   
Timestamp : 2025/07/08 14:07:44;
            Level : INFO ; Message : Admin retrieved all products ;
 Stack :   
Timestamp : 2025/07/08 14:07:42;
            Level : INFO ; Message : Admin retrieved all products ;
 Stack :   
Timestamp : 2025/07/08 14:07:42;
            Level : INFO ; Message : Admin retrieved all products ;
 Stack :   
Timestamp : 2025/07/08 14:07:27;
            Level : INFO ; Message : Admin retrieved all products ;
 Stack :   
Timestamp : 2025/07/08 14:07:75;
            Level : INFO ; Message : Admin retrieved all products ;
 Stack :   
Timestamp : 2025/07/08 14:07:18;
            Level : INFO ; Message : Admin retrieved all products ;
 Stack :   
Timestamp : 2025/07/08 14:07:25;
            Level : INFO ; Message : Admin retrieved all products ;
 Stack :   
Timestamp : 2025/07/08 14:07:55;
            Level : INFO ; Message : Admin retrieved all products ;
 Stack :   
Timestamp : 2025/07/08 15:07:39;
            Level : INFO ; Message : Admin retrieved all products ;
 Stack :   
Timestamp : 2025/07/08 15:07:98;
            Level : INFO ; Message : Admin retrieved all products ;
 Stack :   
Timestamp : 2025/07/08 15:07:12;
            Level : INFO ; Message : Admin retrieved all products ;
 Stack :   
Timestamp : 2025/07/08 15:07:55;
            Level : INFO ; Message : Admin retrieved all products ;
 Stack :   
Timestamp : 2025/07/08 15:07:31;
            Level : INFO ; Message : Admin retrieved all products ;
 Stack :   
Timestamp : 2025/07/08 15:07:09;
            Level : INFO ; Message : Admin retrieved all products ;
 Stack :   
Timestamp : 2025/07/08 15:07:57;
            Level : INFO ; Message : Admin retrieved all products ;
 Stack :   
Timestamp : 2025/07/08 15:07:95;
            Level : INFO ; Message : Admin retrieved all products ;
 Stack :   
Timestamp : 2025/07/08 15:07:18;
            Level : INFO ; Message : Admin retrieved all products ;
 Stack :   
Timestamp : 2025/07/08 15:07:84;
            Level : INFO ; Message : Admin retrieved all products ;
 Stack :   
Timestamp : 2025/07/08 18:07:78;
            Level : INFO ; Message : Admin retrieved all products ;
 Stack :   
Timestamp : 2025/07/08 18:07:90;
            Level : INFO ; Message : Admin retrieved all products ;
 Stack :   
Timestamp : 2025/07/08 18:07:53;
            Level : INFO ; Message : Admin retrieved all products ;
 Stack :   
Timestamp : 2025/07/08 20:07:45;
            Level : INFO ; Message : Admin retrieved all products ;
 Stack :   
Timestamp : 2025/07/08 22:07:02;
            Level : INFO ; Message : Admin retrieved all products ;
 Stack :   
Timestamp : 2025/07/08 22:07:73;
            Level : INFO ; Message : Admin retrieved all products ;
 Stack :   
Timestamp : 2025/07/08 22:07:79;
            Level : INFO ; Message : Admin retrieved all products ;
 Stack :   
Timestamp : 2025/07/08 22:07:46;
            Level : INFO ; Message : Admin retrieved all products ;
 Stack :   
Timestamp : 2025/07/08 22:07:31;
            Level : INFO ; Message : Admin retrieved all products ;
 Stack :   
Timestamp : 2025/07/08 22:07:86;
            Level : INFO ; Message : Admin retrieved all products ;
 Stack :   
Timestamp : 2025/07/08 22:07:97;
            Level : INFO ; Message : Admin retrieved all products ;
 Stack :   
Timestamp : 2025/07/08 22:07:93;
            Level : INFO ; Message : Admin retrieved all products ;
 Stack :   
Timestamp : 2025/07/08 23:07:64;
            Level : INFO ; Message : Admin retrieved all products ;
 Stack :   
Timestamp : 2025/07/08 23:07:42;
            Level : INFO ; Message : Admin retrieved all products ;
 Stack :   
Timestamp : 2025/07/08 23:07:33;
            Level : INFO ; Message : Admin retrieved all products ;
 Stack :   
Timestamp : 2025/07/08 23:07:30;
            Level : INFO ; Message : Admin retrieved all products ;
 Stack :   
Timestamp : 2025/07/08 23:07:32;
            Level : INFO ; Message : Admin retrieved all products ;
 Stack :   
Timestamp : 2025/07/08 23:07:24;
            Level : INFO ; Message : Admin retrieved all products ;
 Stack :   
Timestamp : 2025/07/08 23:07:82;
            Level : INFO ; Message : Admin retrieved all products ;
 Stack :   
Timestamp : 2025/07/08 23:07:62;
            Level : INFO ; Message : Admin retrieved all products ;
 Stack :   
Timestamp : 2025/07/08 23:07:05;
            Level : INFO ; Message : Admin retrieved all products ;
 Stack :   
Timestamp : 2025/07/08 23:07:30;
            Level : INFO ; Message : Admin retrieved all products ;
 Stack :   
Timestamp : 2025/07/08 23:07:48;
            Level : INFO ; Message : Admin retrieved all products ;
 Stack :   
Timestamp : 2025/07/08 23:07:84;
            Level : INFO ; Message : Admin retrieved all products ;
 Stack :   
Timestamp : 2025/07/08 23:07:31;
            Level : INFO ; Message : Admin retrieved all products ;
 Stack :   
Timestamp : 2025/07/08 23:07:31;
            Level : INFO ; Message : Admin retrieved all products ;
 Stack :   
Timestamp : 2025/07/08 23:07:74;
            Level : INFO ; Message : Admin retrieved all products ;
 Stack :   
Timestamp : 2025/07/08 23:07:77;
            Level : INFO ; Message : Admin retrieved all products ;
 Stack :   
Timestamp : 2025/07/08 23:07:08;
            Level : INFO ; Message : Admin retrieved all products ;
 Stack :   
Timestamp : 2025/07/08 23:07:72;
            Level : INFO ; Message : Admin retrieved all products ;
 Stack :   
Timestamp : 2025/07/08 23:07:25;
            Level : INFO ; Message : Admin retrieved all products ;
 Stack :   
Timestamp : 2025/07/08 23:07:72;
            Level : INFO ; Message : Admin retrieved all products ;
 Stack :   
Timestamp : 2025/07/08 23:07:80;
            Level : INFO ; Message : Admin retrieved all products ;
 Stack :   
Timestamp : 2025/07/08 23:07:18;
            Level : INFO ; Message : Admin retrieved all products ;
 Stack :   
Timestamp : 2025/07/08 23:07:54;
            Level : INFO ; Message : Admin retrieved all products ;
 Stack :   
Timestamp : 2025/07/08 23:07:46;
            Level : INFO ; Message : Admin retrieved all products ;
 Stack :   
Timestamp : 2025/07/08 23:07:66;
            Level : INFO ; Message : Admin retrieved all products ;
 Stack :   
Timestamp : 2025/07/08 23:07:87;
            Level : INFO ; Message : Admin retrieved all products ;
 Stack :   
Timestamp : 2025/07/08 23:07:94;
            Level : INFO ; Message : Admin retrieved all products ;
 Stack :   
Timestamp : 2025/07/08 23:07:67;
            Level : INFO ; Message : Admin retrieved all products ;
 Stack :   
Timestamp : 2025/07/08 23:07:07;
            Level : INFO ; Message : Admin retrieved all products ;
 Stack :   
Timestamp : 2025/07/08 23:07:57;
            Level : INFO ; Message : Admin retrieved all products ;
 Stack :   
Timestamp : 2025/07/09 00:07:62;
            Level : INFO ; Message : Admin retrieved all products ;
 Stack :   
Timestamp : 2025/07/09 00:07:76;
            Level : INFO ; Message : Admin retrieved all products ;
 Stack :   
Timestamp : 2025/07/09 00:07:24;
            Level : INFO ; Message : Admin retrieved all products ;
 Stack :   
Timestamp : 2025/07/09 00:07:02;
            Level : INFO ; Message : Admin retrieved all products ;
 Stack :   
Timestamp : 2025/07/09 09:07:80;
            Level : INFO ; Message : Admin retrieved all products ;
 Stack :   
Timestamp : 2025/07/09 09:07:07;
            Level : INFO ; Message : Admin retrieved all products ;
 Stack :   
Timestamp : 2025/07/09 09:07:97;
            Level : INFO ; Message : Admin retrieved all products ;
 Stack :   
Timestamp : 2025/07/09 09:07:17;
            Level : INFO ; Message : Admin retrieved all products ;
 Stack :   
Timestamp : 2025/07/09 09:07:98;
            Level : INFO ; Message : Admin retrieved all products ;
 Stack :   
Timestamp : 2025/07/09 09:07:38;
            Level : INFO ; Message : Admin retrieved all products ;
 Stack :   
Timestamp : 2025/07/09 09:07:32;
            Level : INFO ; Message : Admin retrieved all products ;
 Stack :   
Timestamp : 2025/07/09 09:07:89;
            Level : INFO ; Message : Admin retrieved all products ;
 Stack :   
Timestamp : 2025/07/09 09:07:64;
            Level : INFO ; Message : Admin retrieved all products ;
 Stack :   
Timestamp : 2025/07/09 09:07:93;
            Level : INFO ; Message : Admin retrieved all products ;
 Stack :   
Timestamp : 2025/07/09 10:07:67;
            Level : INFO ; Message : Admin retrieved all products ;
 Stack :   
Timestamp : 2025/07/09 10:07:08;
            Level : INFO ; Message : Admin retrieved all products ;
 Stack :   
Timestamp : 2025/07/09 10:07:87;
            Level : INFO ; Message : Admin retrieved all products ;
 Stack :   
Timestamp : 2025/07/09 10:07:77;
            Level : INFO ; Message : Admin retrieved all products ;
 Stack :   
Timestamp : 2025/07/09 10:07:31;
            Level : INFO ; Message : Admin retrieved all products ;
 Stack :   
Timestamp : 2025/07/09 10:07:03;
            Level : INFO ; Message : Admin retrieved all products ;
 Stack :   
Timestamp : 2025/07/09 10:07:85;
            Level : INFO ; Message : Admin retrieved all products ;
 Stack :   
Timestamp : 2025/07/09 10:07:35;
            Level : INFO ; Message : Admin retrieved all products ;
 Stack :   
Timestamp : 2025/07/09 10:07:72;
            Level : INFO ; Message : Admin retrieved all products ;
 Stack :   
Timestamp : 2025/07/09 10:07:97;
            Level : INFO ; Message : Admin retrieved all products ;
 Stack :   
Timestamp : 2025/07/09 10:07:40;
            Level : INFO ; Message : Admin retrieved all products ;
 Stack :   
Timestamp : 2025/07/09 10:07:07;
            Level : INFO ; Message : Admin retrieved all products ;
 Stack :   
Timestamp : 2025/07/09 10:07:08;
            Level : INFO ; Message : Admin retrieved all products ;
 Stack :   
Timestamp : 2025/07/09 10:07:68;
            Level : INFO ; Message : Admin retrieved all products ;
 Stack :   
Timestamp : 2025/07/09 12:07:23;
            Level : INFO ; Message : Admin retrieved all products ;
 Stack :   
Timestamp : 2025/07/09 12:07:55;
            Level : INFO ; Message : Admin retrieved all products ;
 Stack :   
Timestamp : 2025/07/09 12:07:04;
            Level : INFO ; Message : Admin retrieved all products ;
 Stack :   
Timestamp : 2025/07/09 12:07:30;
            Level : INFO ; Message : Admin retrieved all products ;
 Stack :   
Timestamp : 2025/07/09 12:07:52;
            Level : INFO ; Message : Admin retrieved all products ;
 Stack :   
Timestamp : 2025/07/09 12:07:25;
            Level : ERROR ; Message : Admin failed to create new product ;
 Stack :  ValidationError: Product validation failed: category_name: `meeeeeen` is not a valid enum value for path `category_name`.
    at Document.invalidate (H:\NTI\project\E-commerce\back-end\node_modules\mongoose\lib\document.js:3352:32)
    at H:\NTI\project\E-commerce\back-end\node_modules\mongoose\lib\document.js:3113:17
    at H:\NTI\project\E-commerce\back-end\node_modules\mongoose\lib\schemaType.js:1407:9
    at process.processTicksAndRejections (node:internal/process/task_queues:77:11) 
Timestamp : 2025/07/09 12:07:55;
            Level : INFO ; Message : Admin retrieved all products ;
 Stack :   
Timestamp : 2025/07/09 12:07:22;
            Level : INFO ; Message : Admin retrieved all products ;
 Stack :   
Timestamp : 2025/07/09 12:07:72;
            Level : INFO ; Message : Admin retrieved all products ;
 Stack :   
Timestamp : 2025/07/09 12:07:69;
            Level : INFO ; Message : Admin retrieved all products ;
 Stack :   
Timestamp : 2025/07/09 12:07:01;
            Level : INFO ; Message : Admin retrieved all products ;
 Stack :   
Timestamp : 2025/07/09 12:07:90;
            Level : INFO ; Message : Admin retrieved all products ;
 Stack :   
Timestamp : 2025/07/09 13:07:35;
            Level : INFO ; Message : Admin retrieved all products ;
 Stack :   
Timestamp : 2025/07/09 13:07:50;
            Level : INFO ; Message : Admin retrieved all products ;
 Stack :   
Timestamp : 2025/07/09 13:07:22;
            Level : INFO ; Message : Admin retrieved all products ;
 Stack :   
Timestamp : 2025/07/09 13:07:64;
            Level : INFO ; Message : Admin retrieved all products ;
 Stack :   
Timestamp : 2025/07/09 13:07:23;
            Level : INFO ; Message : Admin retrieved all products ;
 Stack :   
Timestamp : 2025/07/09 13:07:68;
            Level : INFO ; Message : Admin retrieved all products ;
 Stack :   
Timestamp : 2025/07/09 13:07:56;
            Level : INFO ; Message : Admin retrieved all products ;
 Stack :   
Timestamp : 2025/07/09 14:07:25;
            Level : INFO ; Message : Admin retrieved all products ;
 Stack :   
Timestamp : 2025/07/09 14:07:54;
            Level : INFO ; Message : Admin retrieved all products ;
 Stack :   
Timestamp : 2025/07/09 14:07:63;
            Level : INFO ; Message : Admin retrieved all products ;
 Stack :   
Timestamp : 2025/07/09 14:07:80;
            Level : INFO ; Message : Admin retrieved all products ;
 Stack :   
Timestamp : 2025/07/09 14:07:54;
            Level : INFO ; Message : Admin retrieved all products ;
 Stack :   
Timestamp : 2025/07/09 14:07:35;
            Level : INFO ; Message : Admin retrieved all products ;
 Stack :   
Timestamp : 2025/07/09 14:07:17;
            Level : INFO ; Message : Admin retrieved all products ;
 Stack :   
Timestamp : 2025/07/09 14:07:67;
            Level : INFO ; Message : Admin retrieved all products ;
 Stack :   
Timestamp : 2025/07/09 14:07:42;
            Level : INFO ; Message : Admin retrieved all products ;
 Stack :   
Timestamp : 2025/07/09 14:07:10;
            Level : INFO ; Message : Admin retrieved all products ;
 Stack :   
Timestamp : 2025/07/09 14:07:12;
            Level : INFO ; Message : Admin retrieved all products ;
 Stack :   
Timestamp : 2025/07/09 18:07:61;
            Level : INFO ; Message : Admin retrieved all products ;
 Stack :   
Timestamp : 2025/07/09 18:07:30;
            Level : INFO ; Message : Admin retrieved all products ;
 Stack :   
Timestamp : 2025/07/09 18:07:02;
            Level : INFO ; Message : Admin retrieved all products ;
 Stack :   
Timestamp : 2025/07/09 18:07:71;
            Level : INFO ; Message : Admin retrieved all products ;
 Stack :   
Timestamp : 2025/07/09 18:07:20;
            Level : INFO ; Message : Admin retrieved all products ;
 Stack :   
Timestamp : 2025/07/09 18:07:15;
            Level : INFO ; Message : Admin retrieved all products ;
 Stack :   
Timestamp : 2025/07/09 18:07:57;
            Level : INFO ; Message : Admin retrieved all products ;
 Stack :   
Timestamp : 2025/07/09 18:07:44;
            Level : INFO ; Message : Admin retrieved all products ;
 Stack :   
Timestamp : 2025/07/09 18:07:75;
            Level : INFO ; Message : Admin retrieved all products ;
 Stack :   
Timestamp : 2025/07/09 18:07:13;
            Level : INFO ; Message : Admin retrieved all products ;
 Stack :   
Timestamp : 2025/07/09 18:07:79;
            Level : INFO ; Message : Admin retrieved all products ;
 Stack :   
Timestamp : 2025/07/09 18:07:60;
            Level : INFO ; Message : Admin retrieved all products ;
 Stack :   
Timestamp : 2025/07/09 18:07:42;
            Level : INFO ; Message : Admin retrieved all products ;
 Stack :   
Timestamp : 2025/07/09 18:07:67;
            Level : INFO ; Message : Admin retrieved all products ;
 Stack :   
Timestamp : 2025/07/09 18:07:49;
            Level : INFO ; Message : Admin retrieved all products ;
 Stack :   
Timestamp : 2025/07/09 18:07:44;
            Level : INFO ; Message : Admin retrieved all products ;
 Stack :   
Timestamp : 2025/07/09 18:07:08;
            Level : INFO ; Message : Admin retrieved all products ;
 Stack :   
Timestamp : 2025/07/09 18:07:67;
            Level : INFO ; Message : Admin retrieved all products ;
 Stack :   
Timestamp : 2025/07/09 18:07:15;
            Level : INFO ; Message : Admin retrieved all products ;
 Stack :   
Timestamp : 2025/07/09 18:07:03;
            Level : INFO ; Message : Admin retrieved all products ;
 Stack :   
Timestamp : 2025/07/09 18:07:15;
            Level : INFO ; Message : Admin retrieved all products ;
 Stack :   
Timestamp : 2025/07/09 18:07:53;
            Level : INFO ; Message : Admin retrieved all products ;
 Stack :   
Timestamp : 2025/07/09 18:07:19;
            Level : INFO ; Message : Admin retrieved all products ;
 Stack :   
Timestamp : 2025/07/09 18:07:40;
            Level : INFO ; Message : Admin retrieved all products ;
 Stack :   
Timestamp : 2025/07/09 19:07:77;
            Level : INFO ; Message : Admin retrieved all products ;
 Stack :   
Timestamp : 2025/07/09 19:07:42;
            Level : INFO ; Message : Admin retrieved all products ;
 Stack :   
Timestamp : 2025/07/09 19:07:67;
            Level : INFO ; Message : Admin retrieved all products ;
 Stack :   
Timestamp : 2025/07/09 19:07:52;
            Level : INFO ; Message : Admin retrieved all products ;
 Stack :   
Timestamp : 2025/07/09 19:07:53;
            Level : INFO ; Message : Admin retrieved all products ;
 Stack :   
Timestamp : 2025/07/09 19:07:88;
            Level : INFO ; Message : Admin retrieved all products ;
 Stack :   
Timestamp : 2025/07/09 19:07:57;
            Level : INFO ; Message : Admin retrieved all products ;
 Stack :   
Timestamp : 2025/07/09 19:07:96;
            Level : INFO ; Message : Admin retrieved all products ;
 Stack :   
Timestamp : 2025/07/09 19:07:24;
            Level : INFO ; Message : Admin retrieved all products ;
 Stack :   
Timestamp : 2025/07/09 19:07:69;
            Level : INFO ; Message : Admin retrieved all products ;
 Stack :   
Timestamp : 2025/07/09 19:07:26;
            Level : INFO ; Message : Admin retrieved all products ;
 Stack :   
Timestamp : 2025/07/09 19:07:40;
            Level : INFO ; Message : Admin retrieved all products ;
 Stack :   
Timestamp : 2025/07/09 19:07:02;
            Level : INFO ; Message : Admin retrieved all products ;
 Stack :   
Timestamp : 2025/07/09 19:07:65;
            Level : INFO ; Message : Admin retrieved all products ;
 Stack :   
Timestamp : 2025/07/09 19:07:68;
            Level : INFO ; Message : Admin retrieved all products ;
 Stack :   
Timestamp : 2025/07/09 19:07:29;
            Level : INFO ; Message : Admin retrieved all products ;
 Stack :   
Timestamp : 2025/07/09 19:07:87;
            Level : INFO ; Message : Admin retrieved all products ;
 Stack :   
Timestamp : 2025/07/09 19:07:57;
            Level : INFO ; Message : Admin retrieved all products ;
 Stack :   
Timestamp : 2025/07/09 19:07:66;
            Level : INFO ; Message : Admin retrieved all products ;
 Stack :   
Timestamp : 2025/07/09 19:07:26;
            Level : INFO ; Message : Admin retrieved all products ;
 Stack :   
Timestamp : 2025/07/09 19:07:55;
            Level : INFO ; Message : Admin retrieved all products ;
 Stack :   
Timestamp : 2025/07/09 19:07:89;
            Level : INFO ; Message : Admin retrieved all products ;
 Stack :   
Timestamp : 2025/07/09 19:07:38;
            Level : INFO ; Message : Admin retrieved all products ;
 Stack :   
Timestamp : 2025/07/09 19:07:72;
            Level : INFO ; Message : Admin retrieved all products ;
 Stack :   
Timestamp : 2025/07/09 19:07:42;
            Level : INFO ; Message : Admin retrieved all products ;
 Stack :   
Timestamp : 2025/07/09 19:07:85;
            Level : INFO ; Message : Admin retrieved all products ;
 Stack :   
Timestamp : 2025/07/09 19:07:25;
            Level : INFO ; Message : Admin retrieved all products ;
 Stack :   
Timestamp : 2025/07/09 19:07:71;
            Level : INFO ; Message : Admin retrieved all products ;
 Stack :   
Timestamp : 2025/07/09 19:07:29;
            Level : INFO ; Message : Admin retrieved all products ;
 Stack :   
Timestamp : 2025/07/09 19:07:44;
            Level : INFO ; Message : Admin retrieved all products ;
 Stack :   
Timestamp : 2025/07/09 19:07:52;
            Level : INFO ; Message : Admin retrieved all products ;
 Stack :   
Timestamp : 2025/07/09 19:07:60;
            Level : INFO ; Message : Admin retrieved all products ;
 Stack :   
Timestamp : 2025/07/09 19:07:30;
            Level : INFO ; Message : Admin retrieved all products ;
 Stack :   
Timestamp : 2025/07/09 20:07:21;
            Level : INFO ; Message : Admin retrieved all products ;
 Stack :   
Timestamp : 2025/07/09 20:07:37;
            Level : INFO ; Message : Admin retrieved all products ;
 Stack :   
Timestamp : 2025/07/09 20:07:76;
            Level : INFO ; Message : Admin retrieved all products ;
 Stack :   
Timestamp : 2025/07/09 20:07:50;
            Level : INFO ; Message : Admin retrieved all products ;
 Stack :   
Timestamp : 2025/07/09 20:07:65;
            Level : INFO ; Message : Admin retrieved all products ;
 Stack :   
Timestamp : 2025/07/09 20:07:69;
            Level : INFO ; Message : Admin retrieved all products ;
 Stack :   
Timestamp : 2025/07/09 20:07:50;
            Level : INFO ; Message : Admin retrieved all products ;
 Stack :   
Timestamp : 2025/07/09 20:07:20;
            Level : INFO ; Message : Admin retrieved all products ;
 Stack :   
Timestamp : 2025/07/09 20:07:89;
            Level : INFO ; Message : Admin retrieved all products ;
 Stack :   
Timestamp : 2025/07/09 20:07:99;
            Level : INFO ; Message : Admin retrieved all products ;
 Stack :   
Timestamp : 2025/07/09 20:07:97;
            Level : INFO ; Message : Admin retrieved all products ;
 Stack :   
Timestamp : 2025/07/09 20:07:27;
            Level : INFO ; Message : Admin retrieved all products ;
 Stack :   
Timestamp : 2025/07/09 20:07:06;
            Level : INFO ; Message : Admin retrieved all products ;
 Stack :   
Timestamp : 2025/07/09 20:07:78;
            Level : INFO ; Message : Admin retrieved all products ;
 Stack :   
Timestamp : 2025/07/09 20:07:41;
            Level : INFO ; Message : Admin retrieved all products ;
 Stack :   
Timestamp : 2025/07/09 20:07:91;
            Level : INFO ; Message : Admin retrieved all products ;
 Stack :   
Timestamp : 2025/07/09 20:07:60;
            Level : INFO ; Message : Admin retrieved all products ;
 Stack :   
Timestamp : 2025/07/09 22:07:89;
            Level : INFO ; Message : Admin retrieved all products ;
 Stack :   
Timestamp : 2025/07/09 22:07:74;
            Level : INFO ; Message : Admin retrieved all products ;
 Stack :   
Timestamp : 2025/07/09 22:07:43;
            Level : INFO ; Message : Admin retrieved all products ;
 Stack :   
Timestamp : 2025/07/09 22:07:01;
            Level : INFO ; Message : Admin retrieved all products ;
 Stack :   
Timestamp : 2025/07/09 22:07:16;
            Level : INFO ; Message : Admin retrieved all products ;
 Stack :   
Timestamp : 2025/07/09 22:07:82;
            Level : INFO ; Message : Admin retrieved all products ;
 Stack :   
Timestamp : 2025/07/09 22:07:91;
            Level : INFO ; Message : Admin retrieved all products ;
 Stack :   
Timestamp : 2025/07/09 22:07:97;
            Level : INFO ; Message : Admin retrieved all products ;
 Stack :   
Timestamp : 2025/07/09 22:07:15;
            Level : INFO ; Message : Admin retrieved all products ;
 Stack :   
Timestamp : 2025/07/09 22:07:86;
            Level : INFO ; Message : Admin retrieved all products ;
 Stack :   
Timestamp : 2025/07/09 22:07:94;
            Level : INFO ; Message : Admin retrieved all products ;
 Stack :   
Timestamp : 2025/07/09 22:07:97;
            Level : INFO ; Message : Admin retrieved all products ;
 Stack :   
Timestamp : 2025/07/09 22:07:31;
            Level : INFO ; Message : Admin retrieved all products ;
 Stack :   
Timestamp : 2025/07/09 23:07:44;
            Level : INFO ; Message : Admin retrieved all products ;
 Stack :   
Timestamp : 2025/07/09 23:07:40;
            Level : INFO ; Message : Admin retrieved all products ;
 Stack :   
Timestamp : 2025/07/09 23:07:73;
            Level : INFO ; Message : Admin retrieved all products ;
 Stack :   
Timestamp : 2025/07/09 23:07:19;
            Level : INFO ; Message : Admin retrieved all products ;
 Stack :   
Timestamp : 2025/07/09 23:07:71;
            Level : INFO ; Message : Admin retrieved all products ;
 Stack :   
Timestamp : 2025/07/09 23:07:01;
            Level : INFO ; Message : Admin retrieved all products ;
 Stack :   
Timestamp : 2025/07/10 00:07:04;
            Level : INFO ; Message : Admin retrieved all products ;
 Stack :   
Timestamp : 2025/07/10 00:07:03;
            Level : INFO ; Message : Admin retrieved all products ;
 Stack :   
Timestamp : 2025/07/10 00:07:81;
            Level : INFO ; Message : Admin retrieved all products ;
 Stack :   
Timestamp : 2025/07/10 00:07:42;
            Level : INFO ; Message : Admin retrieved all products ;
 Stack :   
Timestamp : 2025/07/10 00:07:74;
            Level : INFO ; Message : Admin retrieved all products ;
 Stack :   
Timestamp : 2025/07/10 00:07:10;
            Level : INFO ; Message : Admin retrieved all products ;
 Stack :   
Timestamp : 2025/07/10 00:07:41;
            Level : INFO ; Message : Admin retrieved all products ;
 Stack :   
Timestamp : 2025/07/10 00:07:23;
            Level : INFO ; Message : Admin retrieved all products ;
 Stack :   
Timestamp : 2025/07/10 00:07:14;
            Level : INFO ; Message : Admin retrieved all products ;
 Stack :   
Timestamp : 2025/07/10 00:07:07;
            Level : INFO ; Message : Admin retrieved all products ;
 Stack :   
Timestamp : 2025/07/10 00:07:42;
            Level : INFO ; Message : Admin retrieved all products ;
 Stack :   
Timestamp : 2025/07/10 09:07:66;
            Level : INFO ; Message : Admin retrieved all products ;
 Stack :   
Timestamp : 2025/07/10 09:07:95;
            Level : INFO ; Message : Admin retrieved all products ;
 Stack :   
Timestamp : 2025/07/10 09:07:92;
            Level : INFO ; Message : Admin retrieved all products ;
 Stack :   
Timestamp : 2025/07/10 10:07:07;
            Level : INFO ; Message : Admin retrieved all products ;
 Stack :   
Timestamp : 2025/07/10 10:07:60;
            Level : INFO ; Message : Admin retrieved all products ;
 Stack :   
Timestamp : 2025/07/10 10:07:90;
            Level : INFO ; Message : Admin retrieved all products ;
 Stack :   
Timestamp : 2025/07/10 10:07:78;
            Level : INFO ; Message : Admin retrieved all products ;
 Stack :   
Timestamp : 2025/07/10 10:07:78;
            Level : INFO ; Message : Admin retrieved all products ;
 Stack :   
Timestamp : 2025/07/10 10:07:81;
            Level : INFO ; Message : Admin retrieved all products ;
 Stack :   
Timestamp : 2025/07/10 10:07:14;
            Level : INFO ; Message : Admin retrieved all products ;
 Stack :   
Timestamp : 2025/07/10 10:07:08;
            Level : INFO ; Message : Admin retrieved all products ;
 Stack :   
Timestamp : 2025/07/10 10:07:76;
            Level : INFO ; Message : Admin retrieved all products ;
 Stack :   
Timestamp : 2025/07/10 10:07:80;
            Level : INFO ; Message : Admin retrieved all products ;
 Stack :   
Timestamp : 2025/07/10 10:07:89;
            Level : INFO ; Message : Admin retrieved all products ;
 Stack :   
Timestamp : 2025/07/10 10:07:92;
            Level : INFO ; Message : Admin retrieved all products ;
 Stack :   
Timestamp : 2025/07/10 10:07:19;
            Level : INFO ; Message : Admin retrieved all products ;
 Stack :   
Timestamp : 2025/07/10 10:07:23;
            Level : INFO ; Message : Admin retrieved all products ;
 Stack :   
Timestamp : 2025/07/10 11:07:73;
            Level : INFO ; Message : Admin retrieved all products ;
 Stack :   
Timestamp : 2025/07/10 12:07:77;
            Level : INFO ; Message : Admin retrieved all products ;
 Stack :   
Timestamp : 2025/07/10 12:07:72;
            Level : INFO ; Message : Admin retrieved all products ;
 Stack :   
Timestamp : 2025/07/10 12:07:15;
            Level : INFO ; Message : Admin retrieved all products ;
 Stack :   
Timestamp : 2025/07/10 12:07:05;
            Level : INFO ; Message : Admin retrieved all products ;
 Stack :   
Timestamp : 2025/07/10 12:07:49;
            Level : INFO ; Message : Admin retrieved all products ;
 Stack :   
Timestamp : 2025/07/10 12:07:52;
            Level : INFO ; Message : Admin retrieved all products ;
 Stack :   
Timestamp : 2025/07/10 12:07:33;
            Level : INFO ; Message : Admin retrieved all products ;
 Stack :   
Timestamp : 2025/07/10 12:07:08;
            Level : INFO ; Message : Admin retrieved all products ;
 Stack :   
Timestamp : 2025/07/10 12:07:97;
            Level : INFO ; Message : Admin retrieved all products ;
 Stack :   
Timestamp : 2025/07/10 12:07:62;
            Level : INFO ; Message : Admin retrieved all products ;
 Stack :   
Timestamp : 2025/07/10 12:07:44;
            Level : INFO ; Message : Admin retrieved all products ;
 Stack :   
Timestamp : 2025/07/10 12:07:65;
            Level : INFO ; Message : Admin retrieved all products ;
 Stack :   
Timestamp : 2025/07/10 12:07:77;
            Level : INFO ; Message : Admin retrieved all products ;
 Stack :   
Timestamp : 2025/07/10 12:07:99;
            Level : INFO ; Message : Admin retrieved all products ;
 Stack :   
Timestamp : 2025/07/10 12:07:21;
            Level : INFO ; Message : Admin retrieved all products ;
 Stack :   
Timestamp : 2025/07/10 12:07:10;
            Level : INFO ; Message : Admin retrieved all products ;
 Stack :   
Timestamp : 2025/07/10 12:07:30;
            Level : INFO ; Message : Admin retrieved all products ;
 Stack :   
Timestamp : 2025/07/10 12:07:39;
            Level : INFO ; Message : Admin retrieved all products ;
 Stack :   
Timestamp : 2025/07/10 12:07:68;
            Level : INFO ; Message : Admin retrieved all products ;
 Stack :   
